2022-07-20 14:09:17,642 INFO PERFORMANCE:|5|5|-1|-1

2022-07-20 14:14:17,648 INFO PERFORMANCE:|5|5|-1|-1

2022-07-20 14:19:17,663 INFO PERFORMANCE:|5|5|-1|-1

2022-07-20 14:24:17,672 INFO PERFORMANCE:|5|5|-1|-1

2022-07-20 14:29:17,683 INFO PERFORMANCE:|5|5|-1|-1

2022-07-20 14:34:17,683 INFO PERFORMANCE:|5|5|-1|-1

2022-07-20 14:39:17,691 INFO PERFORMANCE:|5|5|-1|-1

2022-07-20 14:44:17,693 INFO PERFORMANCE:|5|5|-1|-1

2022-07-20 14:49:17,694 INFO PERFORMANCE:|5|5|-1|-1

2022-07-20 14:54:17,703 INFO PERFORMANCE:|5|5|-1|-1

2022-07-20 14:59:17,709 INFO PERFORMANCE:|5|5|-1|-1

2022-07-20 15:04:17,718 INFO PERFORMANCE:|5|5|-1|-1

2022-07-20 15:09:17,733 INFO PERFORMANCE:|5|5|-1|-1

2022-07-20 15:14:17,784 INFO PERFORMANCE:|5|5|-1|-1

2022-07-20 15:19:17,797 INFO PERFORMANCE:|5|5|-1|-1

2022-07-20 15:24:17,805 INFO PERFORMANCE:|5|5|-1|-1

2022-07-20 15:29:17,815 INFO PERFORMANCE:|5|5|-1|-1

2022-07-20 15:34:17,820 INFO PERFORMANCE:|5|5|-1|-1

2022-07-20 15:39:17,821 INFO PERFORMANCE:|5|5|-1|-1

2022-07-20 15:44:17,833 INFO PERFORMANCE:|5|5|-1|-1

2022-07-20 15:49:17,845 INFO PERFORMANCE:|5|5|-1|-1

2022-07-20 15:54:17,849 INFO PERFORMANCE:|5|5|-1|-1

2022-07-20 15:59:17,858 INFO PERFORMANCE:|5|5|-1|-1

2022-07-20 16:04:17,865 INFO PERFORMANCE:|5|5|-1|-1

2022-07-20 16:09:17,867 INFO PERFORMANCE:|5|5|-1|-1

2022-07-20 16:14:17,882 INFO PERFORMANCE:|5|5|-1|-1

2022-07-20 16:19:17,893 INFO PERFORMANCE:|5|5|-1|-1

2022-07-20 16:24:17,897 INFO PERFORMANCE:|5|5|-1|-1

2022-07-20 16:29:17,901 INFO PERFORMANCE:|5|5|-1|-1

2022-07-20 16:34:17,903 INFO PERFORMANCE:|5|5|-1|-1

2022-07-20 16:39:17,904 INFO PERFORMANCE:|5|5|-1|-1

2022-07-20 16:44:17,906 INFO PERFORMANCE:|5|5|-1|-1

2022-07-20 16:49:17,912 INFO PERFORMANCE:|5|5|-1|-1

2022-07-20 16:54:17,925 INFO PERFORMANCE:|5|5|-1|-1

2022-07-20 16:59:17,927 INFO PERFORMANCE:|5|5|-1|-1

2022-07-20 17:04:17,935 INFO PERFORMANCE:|5|5|-1|-1

2022-07-20 17:09:17,949 INFO PERFORMANCE:|5|5|-1|-1

2022-07-20 17:14:17,954 INFO PERFORMANCE:|5|5|-1|-1

2022-07-20 17:19:17,969 INFO PERFORMANCE:|5|5|-1|-1

2022-07-20 17:24:17,984 INFO PERFORMANCE:|5|5|-1|-1

2022-07-20 17:29:17,987 INFO PERFORMANCE:|5|5|-1|-1

2022-07-20 17:34:17,989 INFO PERFORMANCE:|5|5|-1|-1

2022-07-20 17:39:17,997 INFO PERFORMANCE:|5|5|-1|-1

2022-07-20 17:44:18,004 INFO PERFORMANCE:|5|5|-1|-1

2022-07-20 17:49:18,010 INFO PERFORMANCE:|5|5|-1|-1

2022-07-20 17:54:18,015 INFO PERFORMANCE:|5|5|-1|-1

2022-07-20 17:59:18,026 INFO PERFORMANCE:|5|5|-1|-1

2022-07-20 18:04:18,042 INFO PERFORMANCE:|5|5|-1|-1

